<?xml version="1.0" encoding="UTF-8"?>
<testsuite name="MongoDBTest" tests="1" skipped="0" failures="0" errors="0" timestamp="2019-05-15T05:42:25" hostname="mwpodgormi" time="0.001">
  <properties/>
  <testcase name="insertNewDocument" classname="MongoDBTest" time="0.001"/>
  <system-out><![CDATA[]]></system-out>
  <system-err><![CDATA[]]></system-err>
</testsuite>
